# JRE version: OpenJDK Runtime Environment (8.0_242) (build 1.8.0_242-release-1644-b3-6222593)
# Java VM: OpenJDK 64-Bit Server VM (25.242-b3-6222593 mixed mode linux-amd64 compressed oops)
Heap:
 PSYoungGen      total 485376K, used 389359K [0x00000000d5580000, 0x00000000f8380000, 0x0000000100000000)
  eden space 431104K, 77% used [0x00000000d5580000,0x00000000e9cc0280,0x00000000efa80000)
  from space 54272K, 99% used [0x00000000f0e00000,0x00000000f42fbd28,0x00000000f4300000)
  to   space 66048K, 0% used [0x00000000f4300000,0x00000000f4300000,0x00000000f8380000)
 ParOldGen       total 162816K, used 98925K [0x0000000080000000, 0x0000000089f00000, 0x00000000d5580000)
  object space 162816K, 60% used [0x0000000080000000,0x000000008609b5d0,0x0000000089f00000)
 Metaspace       used 105604K, capacity 111882K, committed 112168K, reserved 1146880K
  class space    used 13350K, capacity 14534K, committed 14632K, reserved 1048576K
GC Heap History (10 events):
Event: 4030.137 GC heap before
{Heap before GC invocations=28 (full 5):
 PSYoungGen      total 497664K, used 497192K [0x00000000d5580000, 0x00000000fcc00000, 0x0000000100000000)
  eden space 463360K, 100% used [0x00000000d5580000,0x00000000f1a00000,0x00000000f1a00000)
  from space 34304K, 98% used [0x00000000faa80000,0x00000000fcb8a060,0x00000000fcc00000)
  to   space 54784K, 0% used [0x00000000f6100000,0x00000000f6100000,0x00000000f9680000)
 ParOldGen       total 162816K, used 77550K [0x0000000080000000, 0x0000000089f00000, 0x00000000d5580000)
  object space 162816K, 47% used [0x0000000080000000,0x0000000084bbbad0,0x0000000089f00000)
 Metaspace       used 100366K, capacity 105560K, committed 105896K, reserved 1140736K
  class space    used 12599K, capacity 13647K, committed 13736K, reserved 1048576K
Event: 4030.282 GC heap after
Heap after GC invocations=28 (full 5):
 PSYoungGen      total 482304K, used 39412K [0x00000000d5580000, 0x00000000fab00000, 0x0000000100000000)
  eden space 442880K, 0% used [0x00000000d5580000,0x00000000d5580000,0x00000000f0600000)
  from space 39424K, 99% used [0x00000000f6100000,0x00000000f877d1c8,0x00000000f8780000)
  to   space 36352K, 0% used [0x00000000f8780000,0x00000000f8780000,0x00000000fab00000)
 ParOldGen       total 162816K, used 77558K [0x0000000080000000, 0x0000000089f00000, 0x00000000d5580000)
  object space 162816K, 47% used [0x0000000080000000,0x0000000084bbdad0,0x0000000089f00000)
 Metaspace       used 100366K, capacity 105560K, committed 105896K, reserved 1140736K
  class space    used 12599K, capacity 13647K, committed 13736K, reserved 1048576K
}
Event: 4043.404 GC heap before
{Heap before GC invocations=29 (full 5):
 PSYoungGen      total 482304K, used 482292K [0x00000000d5580000, 0x00000000fab00000, 0x0000000100000000)
  eden space 442880K, 100% used [0x00000000d5580000,0x00000000f0600000,0x00000000f0600000)
  from space 39424K, 99% used [0x00000000f6100000,0x00000000f877d1c8,0x00000000f8780000)
  to   space 36352K, 0% used [0x00000000f8780000,0x00000000f8780000,0x00000000fab00000)
 ParOldGen       total 162816K, used 77558K [0x0000000080000000, 0x0000000089f00000, 0x00000000d5580000)
  object space 162816K, 47% used [0x0000000080000000,0x0000000084bbdad0,0x0000000089f00000)
 Metaspace       used 101652K, capacity 106886K, committed 107048K, reserved 1142784K
  class space    used 12749K, capacity 13796K, committed 13864K, reserved 1048576K
Event: 4043.575 GC heap after
Heap after GC invocations=29 (full 5):
 PSYoungGen      total 456192K, used 32533K [0x00000000d5580000, 0x00000000fa780000, 0x0000000100000000)
  eden space 423424K, 0% used [0x00000000d5580000,0x00000000d5580000,0x00000000ef300000)
  from space 32768K, 99% used [0x00000000f8780000,0x00000000fa7456d8,0x00000000fa780000)
  to   space 57856K, 0% used [0x00000000f3680000,0x00000000f3680000,0x00000000f6f00000)
 ParOldGen       total 162816K, used 77566K [0x0000000080000000, 0x0000000089f00000, 0x00000000d5580000)
  object space 162816K, 47% used [0x0000000080000000,0x0000000084bbfad0,0x0000000089f00000)
 Metaspace       used 101652K, capacity 106886K, committed 107048K, reserved 1142784K
  class space    used 12749K, capacity 13796K, committed 13864K, reserved 1048576K
}
Event: 4051.873 GC heap before
{Heap before GC invocations=30 (full 5):
 PSYoungGen      total 456192K, used 455957K [0x00000000d5580000, 0x00000000fa780000, 0x0000000100000000)
  eden space 423424K, 100% used [0x00000000d5580000,0x00000000ef300000,0x00000000ef300000)
  from space 32768K, 99% used [0x00000000f8780000,0x00000000fa7456d8,0x00000000fa780000)
  to   space 57856K, 0% used [0x00000000f3680000,0x00000000f3680000,0x00000000f6f00000)
 ParOldGen       total 162816K, used 77566K [0x0000000080000000, 0x0000000089f00000, 0x00000000d5580000)
  object space 162816K, 47% used [0x0000000080000000,0x0000000084bbfad0,0x0000000089f00000)
 Metaspace       used 101794K, capacity 107072K, committed 107304K, reserved 1142784K
  class space    used 12765K, capacity 13835K, committed 13864K, reserved 1048576K
Event: 4051.997 GC heap after
Heap after GC invocations=30 (full 5):
 PSYoungGen      total 501760K, used 29424K [0x00000000d5580000, 0x00000000f9080000, 0x0000000100000000)
  eden space 472064K, 0% used [0x00000000d5580000,0x00000000d5580000,0x00000000f2280000)
  from space 29696K, 99% used [0x00000000f3680000,0x00000000f533c2a0,0x00000000f5380000)
  to   space 56320K, 0% used [0x00000000f5980000,0x00000000f5980000,0x00000000f9080000)
 ParOldGen       total 162816K, used 77574K [0x0000000080000000, 0x0000000089f00000, 0x00000000d5580000)
  object space 162816K, 47% used [0x0000000080000000,0x0000000084bc1ad0,0x0000000089f00000)
 Metaspace       used 101794K, capacity 107072K, committed 107304K, reserved 1142784K
  class space    used 12765K, capacity 13835K, committed 13864K, reserved 1048576K
}
Event: 5480.618 GC heap before
{Heap before GC invocations=31 (full 5):
 PSYoungGen      total 501760K, used 501488K [0x00000000d5580000, 0x00000000f9080000, 0x0000000100000000)
  eden space 472064K, 100% used [0x00000000d5580000,0x00000000f2280000,0x00000000f2280000)
  from space 29696K, 99% used [0x00000000f3680000,0x00000000f533c2a0,0x00000000f5380000)
  to   space 56320K, 0% used [0x00000000f5980000,0x00000000f5980000,0x00000000f9080000)
 ParOldGen       total 162816K, used 77574K [0x0000000080000000, 0x0000000089f00000, 0x00000000d5580000)
  object space 162816K, 47% used [0x0000000080000000,0x0000000084bc1ad0,0x0000000089f00000)
 Metaspace       used 104384K, capacity 109998K, committed 110120K, reserved 1144832K
  class space    used 13187K, capacity 14284K, committed 14376K, reserved 1048576K
Event: 5480.752 GC heap after
Heap after GC invocations=31 (full 5):
 PSYoungGen      total 482304K, used 27776K [0x00000000d5580000, 0x00000000f7800000, 0x0000000100000000)
  eden space 451072K, 0% used [0x00000000d5580000,0x00000000d5580000,0x00000000f0e00000)
  from space 31232K, 88% used [0x00000000f5980000,0x00000000f74a00c8,0x00000000f7800000)
  to   space 54272K, 0% used [0x00000000f0e00000,0x00000000f0e00000,0x00000000f4300000)
 ParOldGen       total 162816K, used 77582K [0x0000000080000000, 0x0000000089f00000, 0x00000000d5580000)
  object space 162816K, 47% used [0x0000000080000000,0x0000000084bc3ad0,0x0000000089f00000)
 Metaspace       used 104384K, capacity 109998K, committed 110120K, reserved 1144832K
  class space    used 13187K, capacity 14284K, committed 14376K, reserved 1048576K
}
Event: 5498.073 GC heap before
{Heap before GC invocations=32 (full 5):
 PSYoungGen      total 482304K, used 478848K [0x00000000d5580000, 0x00000000f7800000, 0x0000000100000000)
  eden space 451072K, 100% used [0x00000000d5580000,0x00000000f0e00000,0x00000000f0e00000)
  from space 31232K, 88% used [0x00000000f5980000,0x00000000f74a00c8,0x00000000f7800000)
  to   space 54272K, 0% used [0x00000000f0e00000,0x00000000f0e00000,0x00000000f4300000)
 ParOldGen       total 162816K, used 77582K [0x0000000080000000, 0x0000000089f00000, 0x00000000d5580000)
  object space 162816K, 47% used [0x0000000080000000,0x0000000084bc3ad0,0x0000000089f00000)
 Metaspace       used 105517K, capacity 111746K, committed 111912K, reserved 1146880K
  class space    used 13338K, capacity 14512K, committed 14632K, reserved 1048576K
Event: 5498.242 GC heap after
Heap after GC invocations=32 (full 5):
 PSYoungGen      total 485376K, used 54255K [0x00000000d5580000, 0x00000000f8380000, 0x0000000100000000)
  eden space 431104K, 0% used [0x00000000d5580000,0x00000000d5580000,0x00000000efa80000)
  from space 54272K, 99% used [0x00000000f0e00000,0x00000000f42fbd28,0x00000000f4300000)
  to   space 66048K, 0% used [0x00000000f4300000,0x00000000f4300000,0x00000000f8380000)
 ParOldGen       total 162816K, used 98925K [0x0000000080000000, 0x0000000089f00000, 0x00000000d5580000)
  object space 162816K, 60% used [0x0000000080000000,0x000000008609b5d0,0x0000000089f00000)
 Metaspace       used 105517K, capacity 111746K, committed 111912K, reserved 1146880K
  class space    used 13338K, capacity 14512K, committed 14632K, reserved 1048576K
}

